<?xml version="1.0" encoding="UTF-8"?>
<!-- Generated by org.testng.reporters.JUnitReportReporter -->
<testsuite hostname="DESKTOP-U4GLDR7" failures="0" tests="1" name="PracticeDDT.ReadDataTestNGXmlTest" time="0.068" errors="0" timestamp="10 Jan 2025 04:46:20 GMT" skipped="0">
  <testcase classname="PracticeDDT.ReadDataTestNGXmlTest" name="SampleTest" time="0.068"/>
</testsuite> <!-- PracticeDDT.ReadDataTestNGXmlTest -->
